# JRE version: Java(TM) SE Runtime Environment (8.0_51-b16) (build 1.8.0_51-b16)
# Java VM: Java HotSpot(TM) 64-Bit Server VM (25.51-b03 mixed mode windows-amd64 compressed oops)
Heap:
 garbage-first heap   total 6291456K, used 1966532K [0x0000000640000000, 0x0000000642000600, 0x00000007c0000000)
  region size 32768K, 32 young (1048576K), 6 survivors (196608K)
 Metaspace       used 101117K, capacity 112035K, committed 112204K, reserved 1144832K
  class space    used 13569K, capacity 16103K, committed 16204K, reserved 1048576K
GC Heap History (10 events):
Event: 48.680 GC heap before
{Heap before GC invocations=57 (full 0):
 garbage-first heap   total 6291456K, used 2279745K [0x0000000640000000, 0x0000000642000600, 0x00000007c0000000)
  region size 32768K, 38 young (1245184K), 4 survivors (131072K)
 Metaspace       used 99853K, capacity 110663K, committed 110796K, reserved 1144832K
  class space    used 13521K, capacity 16039K, committed 16076K, reserved 1048576K
Event: 48.710 GC heap after
Heap after GC invocations=58 (full 0):
 garbage-first heap   total 6291456K, used 1076982K [0x0000000640000000, 0x0000000642000600, 0x00000007c0000000)
  region size 32768K, 3 young (98304K), 3 survivors (98304K)
 Metaspace       used 99853K, capacity 110663K, committed 110796K, reserved 1144832K
  class space    used 13521K, capacity 16039K, committed 16076K, reserved 1048576K
}
Event: 51.082 GC heap before
{Heap before GC invocations=58 (full 0):
 garbage-first heap   total 6291456K, used 2223862K [0x0000000640000000, 0x0000000642000600, 0x00000007c0000000)
  region size 32768K, 38 young (1245184K), 3 survivors (98304K)
 Metaspace       used 100124K, capacity 110949K, committed 111052K, reserved 1144832K
  class space    used 13523K, capacity 16042K, committed 16076K, reserved 1048576K
Event: 51.110 GC heap after
Heap after GC invocations=59 (full 0):
 garbage-first heap   total 6291456K, used 1068151K [0x0000000640000000, 0x0000000642000600, 0x00000007c0000000)
  region size 32768K, 4 young (131072K), 4 survivors (131072K)
 Metaspace       used 100124K, capacity 110949K, committed 111052K, reserved 1144832K
  class space    used 13523K, capacity 16042K, committed 16076K, reserved 1048576K
}
Event: 53.817 GC heap before
{Heap before GC invocations=59 (full 0):
 garbage-first heap   total 6291456K, used 2182263K [0x0000000640000000, 0x0000000642000600, 0x00000007c0000000)
  region size 32768K, 38 young (1245184K), 4 survivors (131072K)
 Metaspace       used 100284K, capacity 111085K, committed 111308K, reserved 1144832K
  class space    used 13523K, capacity 16042K, committed 16076K, reserved 1048576K
Event: 53.836 GC heap after
Heap after GC invocations=60 (full 0):
 garbage-first heap   total 6291456K, used 1078141K [0x0000000640000000, 0x0000000642000600, 0x00000007c0000000)
  region size 32768K, 4 young (131072K), 4 survivors (131072K)
 Metaspace       used 100284K, capacity 111085K, committed 111308K, reserved 1144832K
  class space    used 13523K, capacity 16042K, committed 16076K, reserved 1048576K
}
Event: 62.870 GC heap before
{Heap before GC invocations=60 (full 0):
 garbage-first heap   total 6291456K, used 3994493K [0x0000000640000000, 0x0000000642000600, 0x00000007c0000000)
  region size 32768K, 93 young (3047424K), 4 survivors (131072K)
 Metaspace       used 100926K, capacity 111889K, committed 112204K, reserved 1144832K
  class space    used 13567K, capacity 16100K, committed 16204K, reserved 1048576K
Event: 62.904 GC heap after
Heap after GC invocations=61 (full 0):
 garbage-first heap   total 6291456K, used 1108148K [0x0000000640000000, 0x0000000642000600, 0x00000007c0000000)
  region size 32768K, 5 young (163840K), 5 survivors (163840K)
 Metaspace       used 100926K, capacity 111889K, committed 112204K, reserved 1144832K
  class space    used 13567K, capacity 16100K, committed 16204K, reserved 1048576K
}
Event: 74.928 GC heap before
{Heap before GC invocations=61 (full 0):
 garbage-first heap   total 6291456K, used 4712628K [0x0000000640000000, 0x0000000642000600, 0x00000007c0000000)
  region size 32768K, 115 young (3768320K), 5 survivors (163840K)
 Metaspace       used 101090K, capacity 112035K, committed 112204K, reserved 1144832K
  class space    used 13569K, capacity 16103K, committed 16204K, reserved 1048576K
Event: 74.949 GC heap after
Heap after GC invocations=62 (full 0):
 garbage-first heap   total 6291456K, used 1147332K [0x0000000640000000, 0x0000000642000600, 0x00000007c0000000)
  region size 32768K, 6 young (196608K), 6 survivors (196608K)
 Metaspace       used 101090K, capacity 112035K, committed 112204K, reserved 1144832K
  class space    used 13569K, capacity 16103K, committed 16204K, reserved 1048576K
}

