# JRE version: Java(TM) SE Runtime Environment (8.0_51-b16) (build 1.8.0_51-b16)
# Java VM: Java HotSpot(TM) 64-Bit Server VM (25.51-b03 mixed mode windows-amd64 compressed oops)
Heap:
 garbage-first heap   total 6291456K, used 3548448K [0x0000000640000000, 0x0000000642000600, 0x00000007c0000000)
  region size 32768K, 76 young (2490368K), 1 survivors (32768K)
 Metaspace       used 100592K, capacity 111306K, committed 111500K, reserved 1144832K
  class space    used 13509K, capacity 15983K, committed 16012K, reserved 1048576K
GC Heap History (10 events):
Event: 315.617 GC heap before
{Heap before GC invocations=78 (full 0):
 garbage-first heap   total 6291456K, used 4860190K [0x0000000640000000, 0x0000000642000600, 0x00000007c0000000)
  region size 32768K, 115 young (3768320K), 1 survivors (32768K)
 Metaspace       used 100563K, capacity 111238K, committed 111500K, reserved 1144832K
  class space    used 13509K, capacity 15983K, committed 16012K, reserved 1048576K
Event: 315.623 GC heap after
Heap after GC invocations=79 (full 0):
 garbage-first heap   total 6291456K, used 1122516K [0x0000000640000000, 0x0000000642000600, 0x00000007c0000000)
  region size 32768K, 1 young (32768K), 1 survivors (32768K)
 Metaspace       used 100563K, capacity 111238K, committed 111500K, reserved 1144832K
  class space    used 13509K, capacity 15983K, committed 16012K, reserved 1048576K
}
Event: 329.604 GC heap before
{Heap before GC invocations=79 (full 0):
 garbage-first heap   total 6291456K, used 4858068K [0x0000000640000000, 0x0000000642000600, 0x00000007c0000000)
  region size 32768K, 115 young (3768320K), 1 survivors (32768K)
 Metaspace       used 100566K, capacity 111238K, committed 111500K, reserved 1144832K
  class space    used 13509K, capacity 15983K, committed 16012K, reserved 1048576K
Event: 329.610 GC heap after
Heap after GC invocations=80 (full 0):
 garbage-first heap   total 6291456K, used 1117456K [0x0000000640000000, 0x0000000642000600, 0x00000007c0000000)
  region size 32768K, 1 young (32768K), 1 survivors (32768K)
 Metaspace       used 100566K, capacity 111238K, committed 111500K, reserved 1144832K
  class space    used 13509K, capacity 15983K, committed 16012K, reserved 1048576K
}
Event: 344.856 GC heap before
{Heap before GC invocations=80 (full 0):
 garbage-first heap   total 6291456K, used 4853008K [0x0000000640000000, 0x0000000642000600, 0x00000007c0000000)
  region size 32768K, 115 young (3768320K), 1 survivors (32768K)
 Metaspace       used 100575K, capacity 111302K, committed 111500K, reserved 1144832K
  class space    used 13509K, capacity 15983K, committed 16012K, reserved 1048576K
Event: 344.863 GC heap after
Heap after GC invocations=81 (full 0):
 garbage-first heap   total 6291456K, used 1117803K [0x0000000640000000, 0x0000000642000600, 0x00000007c0000000)
  region size 32768K, 1 young (32768K), 1 survivors (32768K)
 Metaspace       used 100575K, capacity 111302K, committed 111500K, reserved 1144832K
  class space    used 13509K, capacity 15983K, committed 16012K, reserved 1048576K
}
Event: 361.719 GC heap before
{Heap before GC invocations=81 (full 0):
 garbage-first heap   total 6291456K, used 4853355K [0x0000000640000000, 0x0000000642000600, 0x00000007c0000000)
  region size 32768K, 115 young (3768320K), 1 survivors (32768K)
 Metaspace       used 100576K, capacity 111302K, committed 111500K, reserved 1144832K
  class space    used 13509K, capacity 15983K, committed 16012K, reserved 1048576K
Event: 361.728 GC heap after
Heap after GC invocations=82 (full 0):
 garbage-first heap   total 6291456K, used 1123277K [0x0000000640000000, 0x0000000642000600, 0x00000007c0000000)
  region size 32768K, 1 young (32768K), 1 survivors (32768K)
 Metaspace       used 100576K, capacity 111302K, committed 111500K, reserved 1144832K
  class space    used 13509K, capacity 15983K, committed 16012K, reserved 1048576K
}
Event: 378.612 GC heap before
{Heap before GC invocations=82 (full 0):
 garbage-first heap   total 6291456K, used 4858829K [0x0000000640000000, 0x0000000642000600, 0x00000007c0000000)
  region size 32768K, 115 young (3768320K), 1 survivors (32768K)
 Metaspace       used 100585K, capacity 111302K, committed 111500K, reserved 1144832K
  class space    used 13509K, capacity 15983K, committed 16012K, reserved 1048576K
Event: 378.618 GC heap after
Heap after GC invocations=83 (full 0):
 garbage-first heap   total 6291456K, used 1123616K [0x0000000640000000, 0x0000000642000600, 0x00000007c0000000)
  region size 32768K, 1 young (32768K), 1 survivors (32768K)
 Metaspace       used 100585K, capacity 111302K, committed 111500K, reserved 1144832K
  class space    used 13509K, capacity 15983K, committed 16012K, reserved 1048576K
}

